<?xml version="1.0" encoding="UTF-8"?><testsuite errors="1" failures="0" name="com.studentapp.junit.studentsinfo.CreateStudentsDataDrivenTest" skipped="0" tests="100" time="23.72" timestamp="2021-02-04 03:38:32"><testcase classname="com.studentapp.junit.studentsinfo.CreateStudentsDataDrivenTest" name="DataDriven Test for adding multiple students to the Student App."><error type="java.util.EmptyStackException"/><system-err>null&#13;
com.studentapp.junit.studentsinfo.CreateStudentsDataDrivenTest.createMultiplestudents(CreateStudentsDataDrivenTest.java:87)&#13;
</system-err></testcase></testsuite>